2015-04-16 23:07:37 - TIMESTAMP_Nodo0 state updated to 2015-04-16T23:07:22
2015-04-16 23:07:37 - TIMESTAMP_Nodo1 state updated to 2015-04-16T23:07:23
2015-04-16 23:07:37 - GarageDoor state updated to 50
2015-04-16 23:07:37 - SimpleLight state updated to OFF
2015-04-16 23:07:52 - TIMESTAMP_Nodo1 state updated to 2015-04-16T23:07:52
2015-04-16 23:07:52 - GarageDoor state updated to 0
2015-04-16 23:07:52 - SimpleLight state updated to ON
2015-04-16 23:07:57 - TIMESTAMP_Nodo1 state updated to 2015-04-16T23:07:57
2015-04-16 23:07:57 - GarageDoor state updated to 50
2015-04-16 23:07:57 - SimpleLight state updated to ON
2015-04-16 23:08:02 - TIMESTAMP_Nodo1 state updated to 2015-04-16T23:08:02
2015-04-16 23:08:02 - GarageDoor state updated to 100
2015-04-16 23:08:02 - SimpleLight state updated to OFF
2015-04-16 23:08:08 - GarageDoor received command DOWN
2015-04-16 23:08:14 - GarageDoor received command STOP
2015-04-16 23:08:14 - TIMESTAMP_Nodo1 state updated to 2015-04-16T23:08:14
2015-04-16 23:08:14 - GarageDoor state updated to 50
2015-04-16 23:08:14 - SimpleLight state updated to OFF
2015-04-16 23:08:16 - GarageDoor received command UP
2015-04-16 23:08:21 - HEALTHNodo1 state updated to 255.0
2015-04-16 23:08:21 - HEALTHNodo0 state updated to 255.0
2015-04-16 23:08:23 - GarageDoor received command UP
2015-04-16 23:08:24 - GarageDoor received command DOWN
2015-04-16 23:08:27 - GarageDoor received command DOWN
2015-04-16 23:08:32 - GarageDoor received command DOWN
2015-04-16 23:08:33 - TIMESTAMP_Nodo1 state updated to 2015-04-16T23:08:33
2015-04-16 23:08:33 - GarageDoor state updated to 0
2015-04-16 23:08:33 - SimpleLight state updated to ON
2015-04-16 23:08:36 - GarageDoor received command STOP
2015-04-16 23:08:36 - TIMESTAMP_Nodo1 state updated to 2015-04-16T23:08:36
2015-04-16 23:08:36 - GarageDoor state updated to 50
2015-04-16 23:08:36 - SimpleLight state updated to ON
2015-04-16 23:08:38 - TIMESTAMP_Nodo1 state updated to 2015-04-16T23:08:38
2015-04-16 23:08:38 - GarageDoor state updated to 50
2015-04-16 23:08:38 - SimpleLight state updated to ON
2015-04-16 23:09:21 - HEALTHNodo1 state updated to 255.0
2015-04-16 23:09:21 - HEALTHNodo0 state updated to 255.0
2015-04-16 23:09:22 - TIMESTAMP_Nodo0 state updated to 2015-04-16T23:09:22
2015-04-16 23:09:24 - TIMESTAMP_Nodo1 state updated to 2015-04-16T23:09:24
2015-04-16 23:09:24 - GarageDoor state updated to 50
2015-04-16 23:09:24 - SimpleLight state updated to ON
2015-04-16 23:09:46 - TIMESTAMP_Nodo1 state updated to 2015-04-16T23:09:31
2015-04-16 23:09:46 - GarageDoor state updated to 50
2015-04-16 23:09:46 - SimpleLight state updated to ON
2015-04-16 23:09:53 - TIMESTAMP_Nodo1 state updated to 2015-04-16T23:09:52
2015-04-16 23:09:53 - GarageDoor state updated to 50
2015-04-16 23:09:53 - SimpleLight state updated to ON
2015-04-16 23:09:54 - GarageDoor received command STOP
2015-04-16 23:09:57 - GarageDoor received command DOWN
2015-04-16 23:09:59 - GarageDoor received command UP
2015-04-16 23:10:02 - TIMESTAMP_Nodo1 state updated to 2015-04-16T23:10:02
2015-04-16 23:10:02 - GarageDoor state updated to 0
2015-04-16 23:10:02 - SimpleLight state updated to ON
2015-04-16 23:10:05 - GarageDoor received command STOP
2015-04-16 23:10:07 - GarageDoor received command STOP
2015-04-16 23:10:12 - GarageDoor received command UP
2015-04-16 23:10:14 - GarageDoor received command DOWN
2015-04-16 23:10:16 - GarageDoor received command STOP
2015-04-16 23:11:31 - TIMESTAMP_Nodo0 state updated to 2015-04-16T23:11:16
2015-04-16 23:11:31 - TIMESTAMP_Nodo1 state updated to 2015-04-16T23:11:17
2015-04-16 23:11:31 - GarageDoor state updated to 50
2015-04-16 23:11:31 - SimpleLight state updated to OFF
2015-04-16 23:11:38 - TIMESTAMP_Nodo1 state updated to 2015-04-16T23:11:37
2015-04-16 23:11:38 - GarageDoor state updated to 50
2015-04-16 23:11:38 - SimpleLight state updated to OFF
2015-04-16 23:11:39 - GarageDoor received command UP
2015-04-16 23:11:49 - GarageDoor received command DOWN
2015-04-16 23:11:56 - GarageDoor received command STOP
2015-04-16 23:11:57 - TIMESTAMP_Nodo1 state updated to 2015-04-16T23:11:57
2015-04-16 23:11:57 - GarageDoor state updated to 50
2015-04-16 23:11:57 - SimpleLight state updated to OFF
2015-04-16 23:11:59 - TIMESTAMP_Nodo1 state updated to 2015-04-16T23:11:58
2015-04-16 23:11:59 - GarageDoor state updated to 0
2015-04-16 23:11:59 - SimpleLight state updated to ON
2015-04-16 23:12:01 - GarageDoor received command DOWN
2015-04-16 23:12:04 - GarageDoor received command STOP
2015-04-16 23:12:05 - TIMESTAMP_Nodo1 state updated to 2015-04-16T23:12:04
2015-04-16 23:12:05 - GarageDoor state updated to 50
2015-04-16 23:12:05 - SimpleLight state updated to ON
2015-04-16 23:12:18 - TIMESTAMP_Nodo1 state updated to 2015-04-16T23:12:18
2015-04-16 23:12:18 - GarageDoor state updated to 0
2015-04-16 23:12:18 - SimpleLight state updated to ON
2015-04-16 23:12:23 - TIMESTAMP_Nodo1 state updated to 2015-04-16T23:12:22
2015-04-16 23:12:23 - GarageDoor state updated to 50
2015-04-16 23:12:23 - SimpleLight state updated to ON
2015-04-16 23:12:27 - TIMESTAMP_Nodo1 state updated to 2015-04-16T23:12:27
2015-04-16 23:12:27 - GarageDoor state updated to 100
2015-04-16 23:12:27 - SimpleLight state updated to OFF
2015-04-16 23:12:30 - HEALTHNodo1 state updated to 255.0
2015-04-16 23:12:30 - HEALTHNodo0 state updated to 255.0
2015-04-16 23:13:15 - HEALTHNodo1 state updated to 255.0
2015-04-16 23:13:15 - HEALTHNodo0 state updated to 255.0
2015-04-16 23:13:17 - TIMESTAMP_Nodo0 state updated to 2015-04-16T23:13:16
2015-04-16 23:13:17 - TIMESTAMP_Nodo1 state updated to 2015-04-16T23:13:17
2015-04-16 23:13:17 - GarageDoor state updated to 100
2015-04-16 23:13:17 - SimpleLight state updated to OFF
2015-04-16 23:14:15 - HEALTHNodo1 state updated to 255.0
2015-04-16 23:14:15 - HEALTHNodo0 state updated to 255.0
2015-04-16 23:14:44 - TIMESTAMP_Nodo1 state updated to 2015-04-16T23:14:34
2015-04-16 23:14:49 - GarageDoor state updated to 100
2015-04-16 23:14:49 - SimpleLight state updated to OFF
2015-04-16 23:14:49 - TIMESTAMP_Nodo1 state updated to 2015-04-16T23:14:43
2015-04-16 23:14:49 - GarageDoor state updated to 100
2015-04-16 23:14:49 - SimpleLight state updated to OFF
2015-04-16 23:14:55 - GarageDoor received command STOP
2015-04-16 23:14:56 - TIMESTAMP_Nodo1 state updated to 2015-04-16T23:14:55
2015-04-16 23:14:56 - GarageDoor state updated to 50
2015-04-16 23:14:56 - SimpleLight state updated to OFF
2015-04-16 23:14:57 - GarageDoor received command STOP
2015-04-16 23:14:59 - TIMESTAMP_Nodo1 state updated to 2015-04-16T23:14:58
2015-04-16 23:14:59 - GarageDoor state updated to 0
2015-04-16 23:14:59 - SimpleLight state updated to ON
2015-04-16 23:15:02 - GarageDoor received command STOP
2015-04-16 23:15:03 - TIMESTAMP_Nodo1 state updated to 2015-04-16T23:15:02
2015-04-16 23:15:03 - GarageDoor state updated to 50
2015-04-16 23:15:03 - SimpleLight state updated to ON
2015-04-16 23:15:04 - TIMESTAMP_Nodo1 state updated to 2015-04-16T23:15:04
2015-04-16 23:15:04 - GarageDoor state updated to 100
2015-04-16 23:15:04 - SimpleLight state updated to OFF
2015-04-16 23:15:06 - TIMESTAMP_Nodo1 state updated to 2015-04-16T23:15:05
2015-04-16 23:15:06 - GarageDoor state updated to 50
2015-04-16 23:15:06 - SimpleLight state updated to OFF
2015-04-16 23:15:07 - TIMESTAMP_Nodo1 state updated to 2015-04-16T23:15:07
2015-04-16 23:15:07 - GarageDoor state updated to 0
2015-04-16 23:15:07 - SimpleLight state updated to ON
2015-04-16 23:15:08 - TIMESTAMP_Nodo1 state updated to 2015-04-16T23:15:08
2015-04-16 23:15:08 - GarageDoor state updated to 50
2015-04-16 23:15:08 - SimpleLight state updated to ON
2015-04-16 23:15:10 - TIMESTAMP_Nodo1 state updated to 2015-04-16T23:15:10
2015-04-16 23:15:10 - GarageDoor state updated to 100
2015-04-16 23:15:10 - SimpleLight state updated to OFF
2015-04-16 23:15:12 - TIMESTAMP_Nodo1 state updated to 2015-04-16T23:15:11
2015-04-16 23:15:12 - GarageDoor state updated to 50
2015-04-16 23:15:12 - SimpleLight state updated to OFF
2015-04-16 23:15:13 - TIMESTAMP_Nodo1 state updated to 2015-04-16T23:15:13
2015-04-16 23:15:13 - GarageDoor state updated to 0
2015-04-16 23:15:13 - SimpleLight state updated to ON
2015-04-16 23:15:15 - TIMESTAMP_Nodo1 state updated to 2015-04-16T23:15:14
2015-04-16 23:15:15 - GarageDoor state updated to 50
2015-04-16 23:15:15 - SimpleLight state updated to ON
2015-04-16 23:15:16 - TIMESTAMP_Nodo1 state updated to 2015-04-16T23:15:16
2015-04-16 23:15:16 - GarageDoor state updated to 100
2015-04-16 23:15:16 - SimpleLight state updated to OFF
2015-04-16 23:15:18 - TIMESTAMP_Nodo1 state updated to 2015-04-16T23:15:18
2015-04-16 23:15:18 - GarageDoor state updated to 50
2015-04-16 23:15:18 - SimpleLight state updated to OFF
2015-04-16 23:15:19 - TIMESTAMP_Nodo1 state updated to 2015-04-16T23:15:19
2015-04-16 23:15:19 - GarageDoor state updated to 0
2015-04-16 23:15:19 - SimpleLight state updated to ON
2015-04-16 23:15:21 - TIMESTAMP_Nodo1 state updated to 2015-04-16T23:15:20
2015-04-16 23:15:21 - GarageDoor state updated to 50
2015-04-16 23:15:21 - SimpleLight state updated to ON
2015-04-16 23:15:22 - TIMESTAMP_Nodo1 state updated to 2015-04-16T23:15:21
2015-04-16 23:15:22 - GarageDoor state updated to 100
2015-04-16 23:15:22 - SimpleLight state updated to OFF
2015-04-16 23:15:24 - TIMESTAMP_Nodo1 state updated to 2015-04-16T23:15:23
2015-04-16 23:15:24 - GarageDoor state updated to 50
2015-04-16 23:15:24 - SimpleLight state updated to OFF
2015-04-16 23:15:25 - TIMESTAMP_Nodo1 state updated to 2015-04-16T23:15:25
2015-04-16 23:15:25 - GarageDoor state updated to 0
2015-04-16 23:15:25 - SimpleLight state updated to ON
2015-04-16 23:15:27 - TIMESTAMP_Nodo1 state updated to 2015-04-16T23:15:26
2015-04-16 23:15:27 - GarageDoor state updated to 50
2015-04-16 23:15:27 - SimpleLight state updated to ON
2015-04-16 23:15:28 - TIMESTAMP_Nodo1 state updated to 2015-04-16T23:15:28
2015-04-16 23:15:28 - GarageDoor state updated to 100
2015-04-16 23:15:28 - SimpleLight state updated to OFF
2015-04-16 23:15:33 - HEALTHNodo1 state updated to 255.0
2015-04-16 23:15:33 - HEALTHNodo0 state updated to 255.0
2015-04-16 23:15:40 - GarageDoor received command DOWN
2015-04-16 23:15:55 - TIMESTAMP_Nodo1 state updated to 2015-04-16T23:15:55
2015-04-16 23:15:55 - GarageDoor state updated to 100
2015-04-16 23:15:55 - SimpleLight state updated to OFF
2015-04-16 23:15:59 - TIMESTAMP_Nodo1 state updated to 2015-04-16T23:15:59
2015-04-16 23:15:59 - GarageDoor state updated to 100
2015-04-16 23:15:59 - SimpleLight state updated to OFF
2015-04-16 23:16:00 - GarageDoor received command DOWN
2015-04-16 23:16:03 - GarageDoor received command UP
2015-04-16 23:16:08 - GarageDoor received command STOP
2015-04-16 23:16:09 - TIMESTAMP_Nodo1 state updated to 2015-04-16T23:16:08
2015-04-16 23:16:09 - GarageDoor state updated to 50
2015-04-16 23:16:09 - SimpleLight state updated to OFF
2015-04-16 23:16:14 - GarageDoor received command STOP
2015-04-16 23:16:14 - TIMESTAMP_Nodo1 state updated to 2015-04-16T23:16:14
2015-04-16 23:16:14 - GarageDoor state updated to 0
2015-04-16 23:16:14 - SimpleLight state updated to ON
2015-04-16 23:16:16 - TIMESTAMP_Nodo1 state updated to 2015-04-16T23:16:16
2015-04-16 23:16:16 - GarageDoor state updated to 50
2015-04-16 23:16:16 - SimpleLight state updated to ON
2015-04-16 23:16:18 - TIMESTAMP_Nodo1 state updated to 2015-04-16T23:16:17
2015-04-16 23:16:18 - GarageDoor state updated to 100
2015-04-16 23:16:18 - SimpleLight state updated to OFF
2015-04-16 23:16:19 - TIMESTAMP_Nodo1 state updated to 2015-04-16T23:16:19
2015-04-16 23:16:19 - GarageDoor state updated to 50
2015-04-16 23:16:19 - SimpleLight state updated to OFF
2015-04-16 23:16:21 - TIMESTAMP_Nodo1 state updated to 2015-04-16T23:16:21
2015-04-16 23:16:21 - GarageDoor state updated to 0
2015-04-16 23:16:21 - SimpleLight state updated to ON
2015-04-16 23:16:22 - TIMESTAMP_Nodo1 state updated to 2015-04-16T23:16:22
2015-04-16 23:16:22 - GarageDoor state updated to 50
2015-04-16 23:16:22 - SimpleLight state updated to ON
2015-04-16 23:16:24 - TIMESTAMP_Nodo1 state updated to 2015-04-16T23:16:24
2015-04-16 23:16:24 - GarageDoor state updated to 100
2015-04-16 23:16:24 - SimpleLight state updated to OFF
2015-04-16 23:16:25 - TIMESTAMP_Nodo1 state updated to 2015-04-16T23:16:25
2015-04-16 23:16:25 - GarageDoor state updated to 50
2015-04-16 23:16:25 - SimpleLight state updated to OFF
2015-04-16 23:16:27 - TIMESTAMP_Nodo1 state updated to 2015-04-16T23:16:26
2015-04-16 23:16:27 - GarageDoor state updated to 0
2015-04-16 23:16:27 - SimpleLight state updated to ON
2015-04-16 23:16:28 - TIMESTAMP_Nodo1 state updated to 2015-04-16T23:16:28
2015-04-16 23:16:28 - GarageDoor state updated to 50
2015-04-16 23:16:28 - SimpleLight state updated to ON
2015-04-16 23:16:30 - TIMESTAMP_Nodo1 state updated to 2015-04-16T23:16:29
2015-04-16 23:16:30 - GarageDoor state updated to 100
2015-04-16 23:16:30 - SimpleLight state updated to OFF
2015-04-16 23:16:31 - TIMESTAMP_Nodo1 state updated to 2015-04-16T23:16:31
2015-04-16 23:16:31 - GarageDoor state updated to 50
2015-04-16 23:16:31 - SimpleLight state updated to OFF
2015-04-16 23:16:33 - TIMESTAMP_Nodo1 state updated to 2015-04-16T23:16:32
2015-04-16 23:16:33 - GarageDoor state updated to 0
2015-04-16 23:16:33 - SimpleLight state updated to ON
2015-04-16 23:16:34 - TIMESTAMP_Nodo1 state updated to 2015-04-16T23:16:34
2015-04-16 23:16:34 - GarageDoor state updated to 50
2015-04-16 23:16:34 - SimpleLight state updated to ON
2015-04-16 23:16:36 - TIMESTAMP_Nodo1 state updated to 2015-04-16T23:16:35
2015-04-16 23:16:36 - GarageDoor state updated to 100
2015-04-16 23:16:36 - SimpleLight state updated to OFF
2015-04-16 23:16:38 - TIMESTAMP_Nodo1 state updated to 2015-04-16T23:16:38
2015-04-16 23:16:38 - GarageDoor state updated to 50
2015-04-16 23:16:38 - SimpleLight state updated to OFF
2015-04-16 23:16:40 - TIMESTAMP_Nodo0 state updated to 2015-04-16T23:16:39
2015-04-16 23:16:41 - HEALTHNodo1 state updated to 255.0
2015-04-16 23:16:41 - HEALTHNodo0 state updated to 255.0
2015-04-16 23:17:33 - HEALTHNodo1 state updated to 255.0
2015-04-16 23:17:33 - HEALTHNodo0 state updated to 255.0
2015-04-16 23:18:33 - TIMESTAMP_Nodo1 state updated to 2015-04-16T23:18:32
2015-04-16 23:18:33 - GarageDoor state updated to 50
2015-04-16 23:18:33 - SimpleLight state updated to OFF
2015-04-16 23:18:33 - TIMESTAMP_Nodo0 state updated to 2015-04-16T23:18:32
2015-04-16 23:18:34 - HEALTHNodo1 state updated to 243.0
2015-04-16 23:18:34 - HEALTHNodo0 state updated to 255.0
2015-04-16 23:19:33 - HEALTHNodo1 state updated to 255.0
2015-04-16 23:19:33 - HEALTHNodo0 state updated to 255.0
2015-04-16 23:20:33 - TIMESTAMP_Nodo0 state updated to 2015-04-16T23:20:32
2015-04-16 23:20:33 - TIMESTAMP_Nodo1 state updated to 2015-04-16T23:20:33
2015-04-16 23:20:33 - GarageDoor state updated to 50
2015-04-16 23:20:33 - SimpleLight state updated to OFF
2015-04-16 23:21:33 - HEALTHNodo1 state updated to 255.0
2015-04-16 23:21:33 - HEALTHNodo0 state updated to 255.0
2015-04-16 23:22:33 - TIMESTAMP_Nodo0 state updated to 2015-04-16T23:22:32
2015-04-16 23:22:34 - HEALTHNodo1 state updated to 255.0
2015-04-16 23:22:34 - HEALTHNodo0 state updated to 255.0
2015-04-16 23:22:35 - TIMESTAMP_Nodo1 state updated to 2015-04-16T23:22:34
2015-04-16 23:22:35 - GarageDoor state updated to 50
2015-04-16 23:22:35 - SimpleLight state updated to OFF
2015-04-16 23:23:32 - HEALTHNodo1 state updated to 255.0
2015-04-16 23:23:32 - HEALTHNodo0 state updated to 255.0
2015-04-16 23:24:32 - TIMESTAMP_Nodo0 state updated to 2015-04-16T23:24:32
2015-04-16 23:24:34 - HEALTHNodo1 state updated to 243.0
2015-04-16 23:24:34 - TIMESTAMP_Nodo1 state updated to 2015-04-16T23:24:33
2015-04-16 23:24:34 - GarageDoor state updated to 50
2015-04-16 23:24:34 - HEALTHNodo0 state updated to 255.0
2015-04-16 23:24:34 - SimpleLight state updated to OFF
2015-04-16 23:25:32 - HEALTHNodo1 state updated to 255.0
2015-04-16 23:25:32 - HEALTHNodo0 state updated to 255.0
2015-04-16 23:26:32 - TIMESTAMP_Nodo0 state updated to 2015-04-16T23:26:32
2015-04-16 23:26:34 - TIMESTAMP_Nodo1 state updated to 2015-04-16T23:26:34
2015-04-16 23:26:34 - GarageDoor state updated to 50
2015-04-16 23:26:34 - SimpleLight state updated to OFF
2015-04-16 23:26:34 - HEALTHNodo1 state updated to 243.0
2015-04-16 23:26:34 - HEALTHNodo0 state updated to 255.0
2015-04-16 23:27:32 - HEALTHNodo1 state updated to 255.0
2015-04-16 23:27:32 - HEALTHNodo0 state updated to 255.0
2015-04-16 23:28:32 - TIMESTAMP_Nodo0 state updated to 2015-04-16T23:28:32
2015-04-16 23:28:34 - HEALTHNodo1 state updated to 255.0
2015-04-16 23:28:34 - HEALTHNodo0 state updated to 255.0
2015-04-16 23:28:34 - TIMESTAMP_Nodo1 state updated to 2015-04-16T23:28:34
2015-04-16 23:28:34 - GarageDoor state updated to 50
2015-04-16 23:28:34 - SimpleLight state updated to OFF
2015-04-16 23:29:32 - HEALTHNodo1 state updated to 255.0
2015-04-16 23:29:32 - HEALTHNodo0 state updated to 255.0
2015-04-16 23:30:21 - GarageDoor received command DOWN
2015-04-16 23:30:29 - TIMESTAMP_Nodo1 state updated to 2015-04-16T23:30:29
2015-04-16 23:30:29 - GarageDoor state updated to 50
2015-04-16 23:30:29 - SimpleLight state updated to OFF
2015-04-16 23:30:30 - GarageDoor received command DOWN
2015-04-16 23:30:32 - GarageDoor received command DOWN
2015-04-16 23:30:40 - GarageDoor received command UP
2015-04-16 23:30:42 - GarageDoor received command UP
2015-04-16 23:30:44 - GarageDoor received command STOP
2015-04-16 23:30:45 - TIMESTAMP_Nodo1 state updated to 2015-04-16T23:30:45
2015-04-16 23:30:45 - GarageDoor state updated to 0
2015-04-16 23:30:45 - SimpleLight state updated to ON
2015-04-16 23:30:47 - TIMESTAMP_Nodo1 state updated to 2015-04-16T23:30:47
2015-04-16 23:30:47 - GarageDoor state updated to 50
2015-04-16 23:30:47 - SimpleLight state updated to ON
2015-04-16 23:30:48 - TIMESTAMP_Nodo1 state updated to 2015-04-16T23:30:47
2015-04-16 23:30:48 - GarageDoor state updated to 100
2015-04-16 23:30:48 - SimpleLight state updated to OFF
2015-04-16 23:30:50 - TIMESTAMP_Nodo1 state updated to 2015-04-16T23:30:49
2015-04-16 23:30:50 - GarageDoor state updated to 50
2015-04-16 23:30:50 - SimpleLight state updated to OFF
2015-04-16 23:30:52 - TIMESTAMP_Nodo1 state updated to 2015-04-16T23:30:52
2015-04-16 23:30:52 - GarageDoor state updated to 0
2015-04-16 23:30:52 - SimpleLight state updated to ON
2015-04-16 23:30:53 - TIMESTAMP_Nodo0 state updated to 2015-04-16T23:30:53
2015-04-16 23:30:55 - HEALTHNodo1 state updated to 255.0
2015-04-16 23:30:55 - HEALTHNodo0 state updated to 255.0
2015-04-16 23:31:32 - HEALTHNodo1 state updated to 255.0
2015-04-16 23:31:32 - HEALTHNodo0 state updated to 255.0
2015-04-16 23:32:32 - TIMESTAMP_Nodo0 state updated to 2015-04-16T23:32:32
2015-04-16 23:32:34 - HEALTHNodo1 state updated to 255.0
2015-04-16 23:32:34 - HEALTHNodo0 state updated to 255.0
2015-04-16 23:32:34 - TIMESTAMP_Nodo1 state updated to 2015-04-16T23:32:34
2015-04-16 23:32:34 - GarageDoor state updated to 0
2015-04-16 23:32:34 - SimpleLight state updated to ON
2015-04-16 23:33:32 - HEALTHNodo1 state updated to 255.0
2015-04-16 23:33:32 - HEALTHNodo0 state updated to 255.0
2015-04-16 23:34:32 - TIMESTAMP_Nodo0 state updated to 2015-04-16T23:34:32
2015-04-16 23:34:33 - TIMESTAMP_Nodo1 state updated to 2015-04-16T23:34:33
2015-04-16 23:34:33 - GarageDoor state updated to 0
2015-04-16 23:34:33 - SimpleLight state updated to ON
2015-04-16 23:34:34 - HEALTHNodo1 state updated to 243.0
2015-04-16 23:34:34 - HEALTHNodo0 state updated to 255.0
2015-04-16 23:35:49 - TIMESTAMP_Nodo1 state updated to 2015-04-16T23:35:49
2015-04-16 23:35:49 - GarageDoor state updated to 0
2015-04-16 23:35:49 - SimpleLight state updated to ON
2015-04-16 23:36:32 - TIMESTAMP_Nodo0 state updated to 2015-04-16T23:36:32
2015-04-16 23:36:34 - HEALTHNodo1 state updated to 255.0
2015-04-16 23:36:34 - HEALTHNodo0 state updated to 255.0
2015-04-16 23:36:35 - TIMESTAMP_Nodo1 state updated to 2015-04-16T23:36:35
2015-04-16 23:36:35 - GarageDoor state updated to 0
2015-04-16 23:36:35 - SimpleLight state updated to ON
2015-04-16 23:37:32 - HEALTHNodo1 state updated to 255.0
2015-04-16 23:37:32 - HEALTHNodo0 state updated to 255.0
2015-04-16 23:38:32 - TIMESTAMP_Nodo0 state updated to 2015-04-16T23:38:32
2015-04-16 23:38:33 - TIMESTAMP_Nodo1 state updated to 2015-04-16T23:38:33
2015-04-16 23:38:33 - GarageDoor state updated to 0
2015-04-16 23:38:33 - SimpleLight state updated to ON
2015-04-16 23:38:34 - HEALTHNodo1 state updated to 243.0
2015-04-16 23:38:34 - HEALTHNodo0 state updated to 255.0
2015-04-16 23:39:32 - HEALTHNodo1 state updated to 255.0
2015-04-16 23:39:32 - HEALTHNodo0 state updated to 255.0
2015-04-16 23:40:32 - TIMESTAMP_Nodo0 state updated to 2015-04-16T23:40:32
2015-04-16 23:40:34 - HEALTHNodo1 state updated to 243.0
2015-04-16 23:40:34 - TIMESTAMP_Nodo1 state updated to 2015-04-16T23:40:34
2015-04-16 23:40:34 - GarageDoor state updated to 0
2015-04-16 23:40:34 - HEALTHNodo0 state updated to 255.0
2015-04-16 23:40:34 - SimpleLight state updated to ON
2015-04-16 23:41:32 - HEALTHNodo1 state updated to 255.0
2015-04-16 23:41:32 - HEALTHNodo0 state updated to 255.0
2015-04-16 23:42:32 - TIMESTAMP_Nodo0 state updated to 2015-04-16T23:42:32
2015-04-16 23:42:33 - TIMESTAMP_Nodo1 state updated to 2015-04-16T23:42:33
2015-04-16 23:42:33 - GarageDoor state updated to 0
2015-04-16 23:42:33 - SimpleLight state updated to ON
2015-04-16 23:42:34 - HEALTHNodo1 state updated to 243.0
2015-04-16 23:42:34 - HEALTHNodo0 state updated to 255.0
2015-04-16 23:43:32 - HEALTHNodo1 state updated to 255.0
2015-04-16 23:43:32 - HEALTHNodo0 state updated to 255.0
2015-04-16 23:44:32 - TIMESTAMP_Nodo0 state updated to 2015-04-16T23:44:32
2015-04-16 23:44:34 - HEALTHNodo1 state updated to 243.0
2015-04-16 23:44:34 - TIMESTAMP_Nodo1 state updated to 2015-04-16T23:44:34
2015-04-16 23:44:34 - GarageDoor state updated to 0
2015-04-16 23:44:34 - HEALTHNodo0 state updated to 255.0
2015-04-16 23:44:34 - SimpleLight state updated to ON
2015-04-16 23:46:32 - TIMESTAMP_Nodo0 state updated to 2015-04-16T23:46:32
2015-04-16 23:46:34 - HEALTHNodo1 state updated to 255.0
2015-04-16 23:46:34 - HEALTHNodo0 state updated to 255.0
2015-04-16 23:46:34 - TIMESTAMP_Nodo1 state updated to 2015-04-16T23:46:34
2015-04-16 23:46:34 - GarageDoor state updated to 0
2015-04-16 23:46:34 - SimpleLight state updated to ON
2015-04-16 23:47:32 - HEALTHNodo1 state updated to 255.0
2015-04-16 23:47:32 - HEALTHNodo0 state updated to 255.0
2015-04-16 23:48:32 - TIMESTAMP_Nodo0 state updated to 2015-04-16T23:48:32
2015-04-16 23:48:34 - HEALTHNodo1 state updated to 243.0
2015-04-16 23:48:34 - TIMESTAMP_Nodo1 state updated to 2015-04-16T23:48:33
2015-04-16 23:48:34 - GarageDoor state updated to 0
2015-04-16 23:48:34 - HEALTHNodo0 state updated to 255.0
2015-04-16 23:48:34 - SimpleLight state updated to ON
2015-04-16 23:49:32 - HEALTHNodo1 state updated to 255.0
2015-04-16 23:49:32 - HEALTHNodo0 state updated to 255.0
2015-04-16 23:50:32 - TIMESTAMP_Nodo0 state updated to 2015-04-16T23:50:32
2015-04-16 23:50:33 - TIMESTAMP_Nodo1 state updated to 2015-04-16T23:50:33
2015-04-16 23:50:33 - GarageDoor state updated to 0
2015-04-16 23:50:33 - SimpleLight state updated to ON
2015-04-16 23:50:34 - HEALTHNodo1 state updated to 243.0
2015-04-16 23:50:34 - HEALTHNodo0 state updated to 255.0
2015-04-16 23:52:30 - TIMESTAMP_Nodo1 state updated to 2015-04-16T23:52:15
2015-04-16 23:52:30 - GarageDoor state updated to 0
2015-04-16 23:52:30 - SimpleLight state updated to ON
2015-04-16 23:53:14 - HEALTHNodo1 state updated to 255.0
2015-04-16 23:53:14 - HEALTHNodo0 state updated to 255.0
2015-04-16 23:54:14 - TIMESTAMP_Nodo0 state updated to 2015-04-16T23:54:13
2015-04-16 23:54:15 - HEALTHNodo1 state updated to 243.0
2015-04-16 23:54:15 - TIMESTAMP_Nodo1 state updated to 2015-04-16T23:54:15
2015-04-16 23:54:15 - GarageDoor state updated to 0
2015-04-16 23:54:15 - HEALTHNodo0 state updated to 255.0
2015-04-16 23:54:15 - SimpleLight state updated to ON
2015-04-16 23:55:13 - HEALTHNodo1 state updated to 255.0
2015-04-16 23:55:13 - HEALTHNodo0 state updated to 255.0
2015-04-16 23:56:06 - GarageDoor received command STOP
2015-04-16 23:56:07 - TIMESTAMP_Nodo1 state updated to 2015-04-16T23:56:07
2015-04-16 23:56:07 - GarageDoor state updated to 50
2015-04-16 23:56:07 - SimpleLight state updated to ON
2015-04-16 23:56:11 - GarageDoor received command STOP
2015-04-16 23:56:12 - TIMESTAMP_Nodo1 state updated to 2015-04-16T23:56:11
2015-04-16 23:56:12 - GarageDoor state updated to 50
2015-04-16 23:56:12 - SimpleLight state updated to ON
2015-04-16 23:56:13 - TIMESTAMP_Nodo0 state updated to 2015-04-16T23:56:13
2015-04-16 23:56:14 - TIMESTAMP_Nodo1 state updated to 2015-04-16T23:56:14
2015-04-16 23:56:14 - GarageDoor state updated to 50
2015-04-16 23:56:14 - SimpleLight state updated to ON
2015-04-16 23:56:15 - HEALTHNodo1 state updated to 243.0
2015-04-16 23:56:15 - HEALTHNodo0 state updated to 255.0
2015-04-16 23:56:16 - GarageDoor received command DOWN
2015-04-16 23:56:36 - TIMESTAMP_Nodo1 state updated to 2015-04-16T23:56:36
2015-04-16 23:56:36 - GarageDoor state updated to 50
2015-04-16 23:56:36 - SimpleLight state updated to ON
2015-04-16 23:56:39 - TIMESTAMP_Nodo1 state updated to 2015-04-16T23:56:39
2015-04-16 23:56:39 - GarageDoor state updated to 0
2015-04-16 23:56:39 - SimpleLight state updated to ON
2015-04-16 23:56:54 - TIMESTAMP_Nodo1 state updated to 2015-04-16T23:56:53
2015-04-16 23:56:54 - GarageDoor state updated to 50
2015-04-16 23:56:54 - SimpleLight state updated to ON
2015-04-16 23:56:59 - TIMESTAMP_Nodo1 state updated to 2015-04-16T23:56:59
2015-04-16 23:56:59 - GarageDoor state updated to 50
2015-04-16 23:56:59 - SimpleLight state updated to OFF
2015-04-16 23:57:02 - TIMESTAMP_Nodo1 state updated to 2015-04-16T23:57:02
2015-04-16 23:57:02 - GarageDoor state updated to 50
2015-04-16 23:57:02 - SimpleLight state updated to ON
2015-04-16 23:57:13 - TIMESTAMP_Nodo1 state updated to 2015-04-16T23:57:12
2015-04-16 23:57:13 - GarageDoor state updated to 50
2015-04-16 23:57:13 - SimpleLight state updated to ON
2015-04-16 23:57:14 - HEALTHNodo1 state updated to 255.0
2015-04-16 23:57:14 - HEALTHNodo0 state updated to 255.0
2015-04-16 23:57:14 - TIMESTAMP_Nodo1 state updated to 2015-04-16T23:57:14
2015-04-16 23:57:14 - GarageDoor state updated to 50
2015-04-16 23:57:14 - SimpleLight state updated to OFF
2015-04-16 23:57:20 - TIMESTAMP_Nodo1 state updated to 2015-04-16T23:57:20
2015-04-16 23:57:20 - GarageDoor state updated to 50
2015-04-16 23:57:20 - SimpleLight state updated to ON
2015-04-16 23:57:21 - TIMESTAMP_Nodo1 state updated to 2015-04-16T23:57:21
2015-04-16 23:57:21 - GarageDoor state updated to 50
2015-04-16 23:57:21 - SimpleLight state updated to OFF
2015-04-16 23:57:23 - TIMESTAMP_Nodo1 state updated to 2015-04-16T23:57:23
2015-04-16 23:57:23 - GarageDoor state updated to 100
2015-04-16 23:57:23 - SimpleLight state updated to OFF
2015-04-16 23:57:33 - TIMESTAMP_Nodo1 state updated to 2015-04-16T23:57:33
2015-04-16 23:57:33 - GarageDoor state updated to 100
2015-04-16 23:57:33 - SimpleLight state updated to OFF
2015-04-16 23:57:37 - TIMESTAMP_Nodo1 state updated to 2015-04-16T23:57:37
2015-04-16 23:57:37 - GarageDoor state updated to 50
2015-04-16 23:57:37 - SimpleLight state updated to OFF
2015-04-16 23:57:44 - TIMESTAMP_Nodo1 state updated to 2015-04-16T23:57:43
2015-04-16 23:57:44 - GarageDoor state updated to 50
2015-04-16 23:57:44 - SimpleLight state updated to ON
2015-04-16 23:57:47 - TIMESTAMP_Nodo1 state updated to 2015-04-16T23:57:46
2015-04-16 23:57:47 - GarageDoor state updated to 50
2015-04-16 23:57:47 - SimpleLight state updated to OFF
2015-04-16 23:57:50 - TIMESTAMP_Nodo1 state updated to 2015-04-16T23:57:50
2015-04-16 23:57:50 - GarageDoor state updated to 0
2015-04-16 23:57:50 - SimpleLight state updated to ON
2015-04-16 23:57:54 - TIMESTAMP_Nodo1 state updated to 2015-04-16T23:57:53
2015-04-16 23:57:54 - GarageDoor state updated to 50
2015-04-16 23:57:54 - SimpleLight state updated to ON
2015-04-16 23:58:13 - TIMESTAMP_Nodo0 state updated to 2015-04-16T23:58:13
2015-04-16 23:58:14 - TIMESTAMP_Nodo1 state updated to 2015-04-16T23:58:13
2015-04-16 23:58:14 - GarageDoor state updated to 50
2015-04-16 23:58:14 - SimpleLight state updated to ON
2015-04-16 23:58:15 - HEALTHNodo1 state updated to 243.0
2015-04-16 23:58:15 - HEALTHNodo0 state updated to 255.0
2015-04-16 23:58:56 - TIMESTAMP_Nodo1 state updated to 2015-04-16T23:58:55
2015-04-16 23:58:56 - GarageDoor state updated to 50
2015-04-16 23:58:56 - SimpleLight state updated to ON
2015-04-16 23:58:56 - GarageDoor received command DOWN
2015-04-16 23:59:00 - GarageDoor received command DOWN
2015-04-16 23:59:05 - GarageDoor received command UP
2015-04-16 23:59:07 - GarageDoor received command UP
2015-04-16 23:59:45 - TIMESTAMP_Nodo1 state updated to 2015-04-16T23:59:44
2015-04-16 23:59:45 - GarageDoor state updated to 50
2015-04-16 23:59:45 - SimpleLight state updated to ON
2015-04-17 00:00:44 - HEALTHNodo1 state updated to 255.0
2015-04-17 00:00:44 - HEALTHNodo0 state updated to 255.0
2015-04-17 00:02:44 - HEALTHNodo1 state updated to 105.0
2015-04-17 00:02:44 - HEALTHNodo0 state updated to 255.0
2015-04-17 00:03:44 - TIMESTAMP_Nodo0 state updated to 2015-04-17T00:03:44
2015-04-17 00:03:46 - HEALTHNodo1 state updated to 105.0
2015-04-17 00:03:46 - HEALTHNodo0 state updated to 255.0
2015-04-17 00:03:46 - TIMESTAMP_Nodo1 state updated to 2015-04-17T00:03:46
2015-04-17 00:03:46 - GarageDoor state updated to 50
2015-04-17 00:03:46 - SimpleLight state updated to ON
2015-04-17 00:04:44 - HEALTHNodo1 state updated to 173.0
2015-04-17 00:04:44 - HEALTHNodo0 state updated to 255.0
2015-04-17 00:05:44 - TIMESTAMP_Nodo0 state updated to 2015-04-17T00:05:44
2015-04-17 00:05:45 - TIMESTAMP_Nodo1 state updated to 2015-04-17T00:05:44
2015-04-17 00:05:45 - GarageDoor state updated to 50
2015-04-17 00:05:45 - SimpleLight state updated to ON
2015-04-17 00:05:46 - HEALTHNodo1 state updated to 161.0
2015-04-17 00:05:46 - HEALTHNodo0 state updated to 255.0
2015-04-17 00:06:44 - HEALTHNodo1 state updated to 241.0
2015-04-17 00:06:44 - HEALTHNodo0 state updated to 255.0
2015-04-17 00:07:44 - TIMESTAMP_Nodo0 state updated to 2015-04-17T00:07:44
2015-04-17 00:07:46 - HEALTHNodo1 state updated to 241.0
2015-04-17 00:07:46 - HEALTHNodo0 state updated to 255.0
2015-04-17 00:07:46 - TIMESTAMP_Nodo1 state updated to 2015-04-17T00:07:46
2015-04-17 00:07:46 - GarageDoor state updated to 50
2015-04-17 00:07:46 - SimpleLight state updated to ON
2015-04-17 00:08:44 - HEALTHNodo1 state updated to 255.0
2015-04-17 00:08:44 - HEALTHNodo0 state updated to 255.0
2015-04-17 00:09:44 - TIMESTAMP_Nodo1 state updated to 2015-04-17T00:09:44
2015-04-17 00:09:44 - GarageDoor state updated to 50
2015-04-17 00:09:44 - SimpleLight state updated to ON
2015-04-17 00:09:44 - TIMESTAMP_Nodo0 state updated to 2015-04-17T00:09:44
2015-04-17 00:09:46 - HEALTHNodo1 state updated to 243.0
2015-04-17 00:09:46 - HEALTHNodo0 state updated to 255.0
2015-04-17 00:09:51 - TIMESTAMP_Nodo1 state updated to 2015-04-17T00:09:50
2015-04-17 00:09:51 - GarageDoor state updated to 50
2015-04-17 00:09:51 - SimpleLight state updated to ON
2015-04-17 00:10:44 - HEALTHNodo1 state updated to 255.0
2015-04-17 00:10:44 - HEALTHNodo0 state updated to 255.0
2015-04-17 00:11:44 - TIMESTAMP_Nodo0 state updated to 2015-04-17T00:11:44
2015-04-17 00:11:45 - TIMESTAMP_Nodo1 state updated to 2015-04-17T00:11:45
2015-04-17 00:11:45 - GarageDoor state updated to 50
2015-04-17 00:11:45 - SimpleLight state updated to ON
2015-04-17 00:12:44 - HEALTHNodo1 state updated to 255.0
2015-04-17 00:12:44 - HEALTHNodo0 state updated to 255.0
2015-04-17 00:13:39 - TIMESTAMP_Nodo1 state updated to 2015-04-17T00:13:39
2015-04-17 00:13:39 - GarageDoor state updated to 50
2015-04-17 00:13:39 - SimpleLight state updated to ON
2015-04-17 00:13:40 - SimpleLight received command OFF
2015-04-17 00:13:44 - TIMESTAMP_Nodo1 state updated to 2015-04-17T00:13:44
2015-04-17 00:13:44 - GarageDoor state updated to 50
2015-04-17 00:13:44 - SimpleLight state updated to ON
2015-04-17 00:13:44 - TIMESTAMP_Nodo0 state updated to 2015-04-17T00:13:44
2015-04-17 00:13:46 - SimpleLight received command OFF
2015-04-17 00:13:57 - TIMESTAMP_Nodo1 state updated to 2015-04-17T00:13:57
2015-04-17 00:13:57 - GarageDoor state updated to 50
2015-04-17 00:13:57 - SimpleLight state updated to OFF
2015-04-17 00:14:03 - TIMESTAMP_Nodo1 state updated to 2015-04-17T00:14:03
2015-04-17 00:14:03 - GarageDoor state updated to 50
2015-04-17 00:14:03 - SimpleLight state updated to ON
2015-04-17 00:14:06 - TIMESTAMP_Nodo1 state updated to 2015-04-17T00:14:06
2015-04-17 00:14:06 - GarageDoor state updated to 50
2015-04-17 00:14:06 - SimpleLight state updated to OFF
2015-04-17 00:14:10 - SimpleLight received command ON
2015-04-17 00:14:17 - TIMESTAMP_Nodo1 state updated to 2015-04-17T00:14:16
2015-04-17 00:14:17 - GarageDoor state updated to 50
2015-04-17 00:14:17 - SimpleLight state updated to OFF
2015-04-17 00:14:20 - TIMESTAMP_Nodo1 state updated to 2015-04-17T00:14:20
2015-04-17 00:14:20 - GarageDoor state updated to 50
2015-04-17 00:14:20 - SimpleLight state updated to OFF
2015-04-17 00:14:24 - SimpleLight received command ON
2015-04-17 00:14:27 - SimpleLight received command OFF
2015-04-17 00:14:44 - HEALTHNodo1 state updated to 255.0
2015-04-17 00:14:44 - HEALTHNodo0 state updated to 255.0
2015-04-17 00:14:51 - TIMESTAMP_Nodo1 state updated to 2015-04-17T00:14:51
2015-04-17 00:14:51 - GarageDoor state updated to 50
2015-04-17 00:14:51 - SimpleLight state updated to OFF
2015-04-17 00:14:52 - SimpleLight received command ON
2015-04-17 00:14:53 - TIMESTAMP_Nodo1 state updated to 2015-04-17T00:14:53
2015-04-17 00:14:53 - GarageDoor state updated to 50
2015-04-17 00:14:53 - SimpleLight state updated to ON
2015-04-17 00:14:56 - SimpleLight received command OFF
2015-04-17 00:14:57 - TIMESTAMP_Nodo1 state updated to 2015-04-17T00:14:56
2015-04-17 00:14:57 - GarageDoor state updated to 50
2015-04-17 00:14:57 - SimpleLight state updated to OFF
2015-04-17 00:14:59 - SimpleLight received command ON
2015-04-17 00:14:59 - TIMESTAMP_Nodo1 state updated to 2015-04-17T00:14:59
2015-04-17 00:14:59 - GarageDoor state updated to 50
2015-04-17 00:14:59 - SimpleLight state updated to ON
2015-04-17 00:15:01 - GarageDoor received command DOWN
2015-04-17 00:15:10 - GarageDoor received command UP
2015-04-17 00:15:18 - TIMESTAMP_Nodo1 state updated to 2015-04-17T00:15:18
2015-04-17 00:15:18 - GarageDoor state updated to 100
2015-04-17 00:15:18 - SimpleLight state updated to OFF
2015-04-17 00:15:44 - TIMESTAMP_Nodo0 state updated to 2015-04-17T00:15:44
2015-04-17 00:15:45 - TIMESTAMP_Nodo1 state updated to 2015-04-17T00:15:44
2015-04-17 00:15:45 - GarageDoor state updated to 100
2015-04-17 00:15:45 - SimpleLight state updated to OFF
2015-04-17 00:15:45 - HEALTHNodo1 state updated to 243.0
2015-04-17 00:15:45 - HEALTHNodo0 state updated to 255.0
2015-04-17 00:16:44 - HEALTHNodo1 state updated to 255.0
2015-04-17 00:16:44 - HEALTHNodo0 state updated to 255.0
2015-04-17 00:16:56 - GarageDoor received command STOP
2015-04-17 00:16:57 - TIMESTAMP_Nodo1 state updated to 2015-04-17T00:16:57
2015-04-17 00:16:57 - GarageDoor state updated to 50
2015-04-17 00:16:57 - SimpleLight state updated to OFF
2015-04-17 00:17:44 - TIMESTAMP_Nodo0 state updated to 2015-04-17T00:17:44
2015-04-17 00:17:45 - HEALTHNodo1 state updated to 243.0
2015-04-17 00:17:45 - TIMESTAMP_Nodo1 state updated to 2015-04-17T00:17:45
2015-04-17 00:17:45 - GarageDoor state updated to 50
2015-04-17 00:17:45 - HEALTHNodo0 state updated to 255.0
2015-04-17 00:17:45 - SimpleLight state updated to OFF
2015-04-17 00:18:44 - HEALTHNodo1 state updated to 255.0
2015-04-17 00:18:44 - HEALTHNodo0 state updated to 255.0
2015-04-17 00:19:44 - TIMESTAMP_Nodo0 state updated to 2015-04-17T00:19:44
2015-04-17 00:19:46 - HEALTHNodo1 state updated to 255.0
2015-04-17 00:19:46 - TIMESTAMP_Nodo1 state updated to 2015-04-17T00:19:45
2015-04-17 00:19:46 - GarageDoor state updated to 50
2015-04-17 00:19:46 - HEALTHNodo0 state updated to 255.0
2015-04-17 00:19:46 - SimpleLight state updated to OFF
2015-04-17 00:20:44 - HEALTHNodo1 state updated to 255.0
2015-04-17 00:20:44 - HEALTHNodo0 state updated to 255.0
2015-04-17 00:21:44 - TIMESTAMP_Nodo1 state updated to 2015-04-17T00:21:44
2015-04-17 00:21:44 - GarageDoor state updated to 50
2015-04-17 00:21:44 - SimpleLight state updated to OFF
2015-04-17 00:21:44 - TIMESTAMP_Nodo0 state updated to 2015-04-17T00:21:44
2015-04-17 00:22:44 - HEALTHNodo1 state updated to 255.0
2015-04-17 00:22:44 - HEALTHNodo0 state updated to 255.0
2015-04-17 00:23:44 - TIMESTAMP_Nodo1 state updated to 2015-04-17T00:23:44
2015-04-17 00:23:44 - GarageDoor state updated to 50
2015-04-17 00:23:44 - SimpleLight state updated to OFF
2015-04-17 00:23:44 - TIMESTAMP_Nodo0 state updated to 2015-04-17T00:23:44
2015-04-17 00:23:46 - HEALTHNodo1 state updated to 243.0
2015-04-17 00:23:46 - HEALTHNodo0 state updated to 255.0
2015-04-17 00:24:44 - HEALTHNodo1 state updated to 255.0
2015-04-17 00:24:44 - HEALTHNodo0 state updated to 255.0
2015-04-17 00:25:44 - TIMESTAMP_Nodo1 state updated to 2015-04-17T00:25:44
2015-04-17 00:25:44 - GarageDoor state updated to 50
2015-04-17 00:25:44 - SimpleLight state updated to OFF
2015-04-17 00:25:44 - TIMESTAMP_Nodo0 state updated to 2015-04-17T00:25:44
2015-04-17 00:25:46 - HEALTHNodo1 state updated to 243.0
2015-04-17 00:25:46 - HEALTHNodo0 state updated to 255.0
2015-04-17 00:26:44 - HEALTHNodo1 state updated to 255.0
2015-04-17 00:26:44 - HEALTHNodo0 state updated to 255.0
2015-04-17 00:27:44 - TIMESTAMP_Nodo0 state updated to 2015-04-17T00:27:44
2015-04-17 00:27:45 - TIMESTAMP_Nodo1 state updated to 2015-04-17T00:27:45
2015-04-17 00:27:45 - GarageDoor state updated to 50
2015-04-17 00:27:45 - SimpleLight state updated to OFF
2015-04-17 00:27:46 - HEALTHNodo1 state updated to 243.0
2015-04-17 00:27:46 - HEALTHNodo0 state updated to 255.0
2015-04-17 00:28:44 - HEALTHNodo1 state updated to 255.0
2015-04-17 00:28:44 - HEALTHNodo0 state updated to 255.0
2015-04-17 00:29:44 - TIMESTAMP_Nodo0 state updated to 2015-04-17T00:29:44
2015-04-17 00:29:46 - HEALTHNodo1 state updated to 255.0
2015-04-17 00:29:46 - TIMESTAMP_Nodo1 state updated to 2015-04-17T00:29:45
2015-04-17 00:29:46 - GarageDoor state updated to 50
2015-04-17 00:29:46 - HEALTHNodo0 state updated to 255.0
2015-04-17 00:29:46 - SimpleLight state updated to OFF
2015-04-17 00:30:44 - HEALTHNodo1 state updated to 255.0
2015-04-17 00:30:44 - HEALTHNodo0 state updated to 255.0
2015-04-17 00:31:44 - TIMESTAMP_Nodo0 state updated to 2015-04-17T00:31:44
2015-04-17 00:31:45 - TIMESTAMP_Nodo1 state updated to 2015-04-17T00:31:45
2015-04-17 00:31:45 - GarageDoor state updated to 50
2015-04-17 00:31:45 - SimpleLight state updated to OFF
2015-04-17 00:31:45 - HEALTHNodo1 state updated to 243.0
2015-04-17 00:31:45 - HEALTHNodo0 state updated to 255.0
2015-04-17 00:32:44 - HEALTHNodo1 state updated to 255.0
2015-04-17 00:32:44 - HEALTHNodo0 state updated to 255.0
2015-04-17 00:33:44 - TIMESTAMP_Nodo0 state updated to 2015-04-17T00:33:44
2015-04-17 00:33:45 - TIMESTAMP_Nodo1 state updated to 2015-04-17T00:33:45
2015-04-17 00:33:45 - GarageDoor state updated to 50
2015-04-17 00:33:45 - SimpleLight state updated to OFF
2015-04-17 00:33:45 - HEALTHNodo1 state updated to 243.0
2015-04-17 00:33:45 - HEALTHNodo0 state updated to 255.0
2015-04-17 00:34:44 - HEALTHNodo1 state updated to 255.0
2015-04-17 00:34:44 - HEALTHNodo0 state updated to 255.0
2015-04-17 00:35:44 - TIMESTAMP_Nodo0 state updated to 2015-04-17T00:35:44
2015-04-17 00:35:44 - TIMESTAMP_Nodo1 state updated to 2015-04-17T00:35:44
2015-04-17 00:35:44 - GarageDoor state updated to 50
2015-04-17 00:35:44 - SimpleLight state updated to OFF
2015-04-17 00:35:45 - HEALTHNodo1 state updated to 243.0
2015-04-17 00:35:45 - HEALTHNodo0 state updated to 255.0
2015-04-17 00:36:44 - HEALTHNodo1 state updated to 255.0
2015-04-17 00:36:44 - HEALTHNodo0 state updated to 255.0
2015-04-17 00:37:44 - TIMESTAMP_Nodo0 state updated to 2015-04-17T00:37:44
2015-04-17 00:37:44 - TIMESTAMP_Nodo1 state updated to 2015-04-17T00:37:44
2015-04-17 00:37:44 - GarageDoor state updated to 50
2015-04-17 00:37:44 - SimpleLight state updated to OFF
2015-04-17 00:37:45 - HEALTHNodo1 state updated to 243.0
2015-04-17 00:37:45 - HEALTHNodo0 state updated to 255.0
2015-04-17 00:38:44 - HEALTHNodo1 state updated to 255.0
2015-04-17 00:38:44 - HEALTHNodo0 state updated to 255.0
2015-04-17 00:39:44 - TIMESTAMP_Nodo0 state updated to 2015-04-17T00:39:44
2015-04-17 00:39:45 - HEALTHNodo1 state updated to 243.0
2015-04-17 00:39:45 - TIMESTAMP_Nodo1 state updated to 2015-04-17T00:39:45
2015-04-17 00:39:45 - GarageDoor state updated to 50
2015-04-17 00:39:45 - HEALTHNodo0 state updated to 255.0
2015-04-17 00:39:45 - SimpleLight state updated to OFF
2015-04-17 00:40:44 - HEALTHNodo1 state updated to 255.0
2015-04-17 00:40:44 - HEALTHNodo0 state updated to 255.0
2015-04-17 00:41:44 - TIMESTAMP_Nodo0 state updated to 2015-04-17T00:41:44
2015-04-17 00:41:45 - HEALTHNodo1 state updated to 255.0
2015-04-17 00:41:45 - HEALTHNodo0 state updated to 255.0
2015-04-17 00:41:46 - TIMESTAMP_Nodo1 state updated to 2015-04-17T00:41:45
2015-04-17 00:41:46 - GarageDoor state updated to 50
2015-04-17 00:41:46 - SimpleLight state updated to OFF
2015-04-17 00:42:44 - HEALTHNodo1 state updated to 255.0
2015-04-17 00:42:44 - HEALTHNodo0 state updated to 255.0
2015-04-17 00:43:44 - TIMESTAMP_Nodo0 state updated to 2015-04-17T00:43:44
2015-04-17 00:43:44 - TIMESTAMP_Nodo1 state updated to 2015-04-17T00:43:44
2015-04-17 00:43:44 - GarageDoor state updated to 50
2015-04-17 00:43:44 - SimpleLight state updated to OFF
2015-04-17 00:43:45 - HEALTHNodo1 state updated to 243.0
2015-04-17 00:43:45 - HEALTHNodo0 state updated to 255.0
2015-04-17 00:44:44 - HEALTHNodo1 state updated to 255.0
2015-04-17 00:44:44 - HEALTHNodo0 state updated to 255.0
2015-04-17 00:45:44 - TIMESTAMP_Nodo0 state updated to 2015-04-17T00:45:44
2015-04-17 00:45:44 - TIMESTAMP_Nodo1 state updated to 2015-04-17T00:45:44
2015-04-17 00:45:44 - GarageDoor state updated to 50
2015-04-17 00:45:44 - SimpleLight state updated to OFF
2015-04-17 00:45:45 - HEALTHNodo1 state updated to 243.0
2015-04-17 00:45:45 - HEALTHNodo0 state updated to 255.0
2015-04-17 00:46:44 - HEALTHNodo1 state updated to 255.0
2015-04-17 00:46:44 - HEALTHNodo0 state updated to 255.0
2015-04-17 00:47:44 - TIMESTAMP_Nodo0 state updated to 2015-04-17T00:47:44
2015-04-17 00:47:44 - TIMESTAMP_Nodo1 state updated to 2015-04-17T00:47:44
2015-04-17 00:47:44 - GarageDoor state updated to 50
2015-04-17 00:47:44 - SimpleLight state updated to OFF
2015-04-17 00:47:45 - HEALTHNodo1 state updated to 243.0
2015-04-17 00:47:45 - HEALTHNodo0 state updated to 255.0
2015-04-17 00:48:44 - HEALTHNodo1 state updated to 255.0
2015-04-17 00:48:44 - HEALTHNodo0 state updated to 255.0
2015-04-17 00:49:44 - TIMESTAMP_Nodo0 state updated to 2015-04-17T00:49:44
2015-04-17 00:49:44 - TIMESTAMP_Nodo1 state updated to 2015-04-17T00:49:44
2015-04-17 00:49:44 - GarageDoor state updated to 50
2015-04-17 00:49:44 - SimpleLight state updated to OFF
2015-04-17 00:49:45 - HEALTHNodo1 state updated to 243.0
2015-04-17 00:49:45 - HEALTHNodo0 state updated to 255.0
2015-04-17 00:50:44 - HEALTHNodo1 state updated to 255.0
2015-04-17 00:50:44 - HEALTHNodo0 state updated to 255.0
2015-04-17 00:51:44 - TIMESTAMP_Nodo0 state updated to 2015-04-17T00:51:44
2015-04-17 00:51:45 - TIMESTAMP_Nodo1 state updated to 2015-04-17T00:51:44
2015-04-17 00:51:45 - GarageDoor state updated to 50
2015-04-17 00:51:45 - SimpleLight state updated to OFF
2015-04-17 00:51:45 - HEALTHNodo1 state updated to 243.0
2015-04-17 00:51:45 - HEALTHNodo0 state updated to 255.0
2015-04-17 00:52:44 - HEALTHNodo1 state updated to 255.0
2015-04-17 00:52:44 - HEALTHNodo0 state updated to 255.0
2015-04-17 00:53:44 - TIMESTAMP_Nodo0 state updated to 2015-04-17T00:53:44
2015-04-17 00:53:44 - TIMESTAMP_Nodo1 state updated to 2015-04-17T00:53:44
2015-04-17 00:53:44 - GarageDoor state updated to 50
2015-04-17 00:53:44 - SimpleLight state updated to OFF
2015-04-17 00:53:45 - HEALTHNodo1 state updated to 243.0
2015-04-17 00:53:45 - HEALTHNodo0 state updated to 255.0
2015-04-17 00:54:44 - HEALTHNodo1 state updated to 255.0
2015-04-17 00:54:44 - HEALTHNodo0 state updated to 255.0
2015-04-17 00:55:44 - TIMESTAMP_Nodo0 state updated to 2015-04-17T00:55:44
2015-04-17 00:55:45 - TIMESTAMP_Nodo1 state updated to 2015-04-17T00:55:45
2015-04-17 00:55:45 - GarageDoor state updated to 50
2015-04-17 00:55:45 - SimpleLight state updated to OFF
2015-04-17 00:55:45 - HEALTHNodo1 state updated to 243.0
2015-04-17 00:55:45 - HEALTHNodo0 state updated to 255.0
2015-04-17 00:56:44 - HEALTHNodo1 state updated to 255.0
2015-04-17 00:56:44 - HEALTHNodo0 state updated to 255.0
2015-04-17 00:57:44 - TIMESTAMP_Nodo0 state updated to 2015-04-17T00:57:44
2015-04-17 00:57:45 - TIMESTAMP_Nodo1 state updated to 2015-04-17T00:57:44
2015-04-17 00:57:45 - GarageDoor state updated to 50
2015-04-17 00:57:45 - SimpleLight state updated to OFF
2015-04-17 00:57:45 - HEALTHNodo1 state updated to 243.0
2015-04-17 00:57:45 - HEALTHNodo0 state updated to 255.0
2015-04-17 00:58:44 - HEALTHNodo1 state updated to 255.0
2015-04-17 00:58:44 - HEALTHNodo0 state updated to 255.0
2015-04-17 00:59:45 - HEALTHNodo1 state updated to 255.0
2015-04-17 00:59:45 - HEALTHNodo0 state updated to 255.0
2015-04-17 01:00:44 - HEALTHNodo1 state updated to 255.0
2015-04-17 01:00:44 - HEALTHNodo0 state updated to 255.0
2015-04-17 01:01:44 - TIMESTAMP_Nodo0 state updated to 2015-04-17T01:01:44
2015-04-17 01:01:45 - HEALTHNodo1 state updated to 255.0
2015-04-17 01:01:45 - HEALTHNodo0 state updated to 255.0
2015-04-17 01:01:46 - TIMESTAMP_Nodo1 state updated to 2015-04-17T01:01:45
2015-04-17 01:01:46 - GarageDoor state updated to 50
2015-04-17 01:01:46 - SimpleLight state updated to OFF
2015-04-17 01:02:44 - HEALTHNodo1 state updated to 255.0
2015-04-17 01:02:44 - HEALTHNodo0 state updated to 255.0
2015-04-17 01:03:44 - TIMESTAMP_Nodo0 state updated to 2015-04-17T01:03:44
2015-04-17 01:03:45 - HEALTHNodo1 state updated to 255.0
2015-04-17 01:03:45 - HEALTHNodo0 state updated to 255.0
2015-04-17 01:03:46 - TIMESTAMP_Nodo1 state updated to 2015-04-17T01:03:46
2015-04-17 01:03:46 - GarageDoor state updated to 50
2015-04-17 01:03:46 - SimpleLight state updated to OFF
2015-04-17 01:04:44 - HEALTHNodo1 state updated to 255.0
2015-04-17 01:04:44 - HEALTHNodo0 state updated to 255.0
2015-04-17 01:05:44 - TIMESTAMP_Nodo0 state updated to 2015-04-17T01:05:44
2015-04-17 01:05:45 - TIMESTAMP_Nodo1 state updated to 2015-04-17T01:05:45
2015-04-17 01:05:45 - GarageDoor state updated to 50
2015-04-17 01:05:45 - SimpleLight state updated to OFF
2015-04-17 01:05:45 - HEALTHNodo1 state updated to 243.0
2015-04-17 01:05:45 - HEALTHNodo0 state updated to 255.0
2015-04-17 01:06:44 - HEALTHNodo1 state updated to 255.0
2015-04-17 01:06:44 - HEALTHNodo0 state updated to 255.0
2015-04-17 01:07:44 - TIMESTAMP_Nodo0 state updated to 2015-04-17T01:07:44
2015-04-17 01:07:44 - TIMESTAMP_Nodo1 state updated to 2015-04-17T01:07:44
2015-04-17 01:07:44 - GarageDoor state updated to 50
2015-04-17 01:07:44 - SimpleLight state updated to OFF
2015-04-17 01:07:45 - HEALTHNodo1 state updated to 243.0
2015-04-17 01:07:45 - HEALTHNodo0 state updated to 255.0
2015-04-17 01:08:44 - HEALTHNodo1 state updated to 255.0
2015-04-17 01:08:44 - HEALTHNodo0 state updated to 255.0
2015-04-17 01:09:44 - TIMESTAMP_Nodo0 state updated to 2015-04-17T01:09:44
2015-04-17 01:09:45 - HEALTHNodo1 state updated to 255.0
2015-04-17 01:09:45 - HEALTHNodo0 state updated to 255.0
2015-04-17 01:09:46 - TIMESTAMP_Nodo1 state updated to 2015-04-17T01:09:45
2015-04-17 01:09:46 - GarageDoor state updated to 50
2015-04-17 01:09:46 - SimpleLight state updated to OFF
2015-04-17 01:10:44 - HEALTHNodo1 state updated to 255.0
2015-04-17 01:10:44 - HEALTHNodo0 state updated to 255.0
2015-04-17 01:11:44 - TIMESTAMP_Nodo0 state updated to 2015-04-17T01:11:44
2015-04-17 01:11:44 - TIMESTAMP_Nodo1 state updated to 2015-04-17T01:11:44
2015-04-17 01:11:44 - GarageDoor state updated to 50
2015-04-17 01:11:44 - SimpleLight state updated to OFF
2015-04-17 01:11:45 - HEALTHNodo1 state updated to 243.0
2015-04-17 01:11:45 - HEALTHNodo0 state updated to 255.0
2015-04-17 01:12:44 - HEALTHNodo1 state updated to 255.0
2015-04-17 01:12:44 - HEALTHNodo0 state updated to 255.0
2015-04-17 01:13:45 - HEALTHNodo1 state updated to 255.0
2015-04-17 01:13:45 - HEALTHNodo0 state updated to 255.0
2015-04-17 01:14:44 - HEALTHNodo1 state updated to 255.0
2015-04-17 01:14:44 - HEALTHNodo0 state updated to 255.0
2015-04-17 01:15:44 - TIMESTAMP_Nodo0 state updated to 2015-04-17T01:15:44
2015-04-17 01:15:45 - TIMESTAMP_Nodo1 state updated to 2015-04-17T01:15:45
2015-04-17 01:15:45 - GarageDoor state updated to 50
2015-04-17 01:15:45 - SimpleLight state updated to OFF
2015-04-17 01:15:45 - HEALTHNodo1 state updated to 243.0
2015-04-17 01:15:45 - HEALTHNodo0 state updated to 255.0
2015-04-17 01:16:44 - HEALTHNodo1 state updated to 255.0
2015-04-17 01:16:44 - HEALTHNodo0 state updated to 255.0
2015-04-17 01:17:44 - TIMESTAMP_Nodo0 state updated to 2015-04-17T01:17:44
2015-04-17 01:17:45 - TIMESTAMP_Nodo1 state updated to 2015-04-17T01:17:45
2015-04-17 01:17:45 - GarageDoor state updated to 50
2015-04-17 01:17:45 - SimpleLight state updated to OFF
2015-04-17 01:17:45 - HEALTHNodo1 state updated to 243.0
2015-04-17 01:17:45 - HEALTHNodo0 state updated to 255.0
2015-04-17 01:18:44 - HEALTHNodo1 state updated to 255.0
2015-04-17 01:18:44 - HEALTHNodo0 state updated to 255.0
2015-04-17 01:19:44 - TIMESTAMP_Nodo0 state updated to 2015-04-17T01:19:44
2015-04-17 01:19:44 - TIMESTAMP_Nodo1 state updated to 2015-04-17T01:19:44
2015-04-17 01:19:44 - GarageDoor state updated to 50
2015-04-17 01:19:44 - SimpleLight state updated to OFF
2015-04-17 01:19:45 - HEALTHNodo1 state updated to 243.0
2015-04-17 01:19:45 - HEALTHNodo0 state updated to 255.0
2015-04-17 01:20:44 - HEALTHNodo1 state updated to 255.0
2015-04-17 01:20:44 - HEALTHNodo0 state updated to 255.0
2015-04-17 01:21:44 - TIMESTAMP_Nodo0 state updated to 2015-04-17T01:21:44
2015-04-17 01:21:44 - TIMESTAMP_Nodo1 state updated to 2015-04-17T01:21:44
2015-04-17 01:21:44 - GarageDoor state updated to 50
2015-04-17 01:21:44 - SimpleLight state updated to OFF
2015-04-17 01:21:45 - HEALTHNodo1 state updated to 243.0
2015-04-17 01:21:45 - HEALTHNodo0 state updated to 255.0
2015-04-17 01:22:44 - HEALTHNodo1 state updated to 255.0
2015-04-17 01:22:44 - HEALTHNodo0 state updated to 255.0
2015-04-17 01:23:44 - TIMESTAMP_Nodo0 state updated to 2015-04-17T01:23:44
2015-04-17 01:23:45 - TIMESTAMP_Nodo1 state updated to 2015-04-17T01:23:45
2015-04-17 01:23:45 - GarageDoor state updated to 50
2015-04-17 01:23:45 - SimpleLight state updated to OFF
2015-04-17 01:23:45 - HEALTHNodo1 state updated to 243.0
2015-04-17 01:23:45 - HEALTHNodo0 state updated to 255.0
2015-04-17 01:24:44 - HEALTHNodo1 state updated to 255.0
2015-04-17 01:24:44 - HEALTHNodo0 state updated to 255.0
2015-04-17 01:25:44 - TIMESTAMP_Nodo1 state updated to 2015-04-17T01:25:44
2015-04-17 01:25:44 - GarageDoor state updated to 50
2015-04-17 01:25:44 - SimpleLight state updated to OFF
2015-04-17 01:25:44 - TIMESTAMP_Nodo0 state updated to 2015-04-17T01:25:44
2015-04-17 01:25:45 - HEALTHNodo1 state updated to 243.0
2015-04-17 01:25:45 - HEALTHNodo0 state updated to 255.0
2015-04-17 01:26:44 - HEALTHNodo1 state updated to 255.0
2015-04-17 01:26:44 - HEALTHNodo0 state updated to 255.0
2015-04-17 01:27:44 - TIMESTAMP_Nodo0 state updated to 2015-04-17T01:27:44
2015-04-17 01:27:45 - TIMESTAMP_Nodo1 state updated to 2015-04-17T01:27:45
2015-04-17 01:27:45 - GarageDoor state updated to 50
2015-04-17 01:27:45 - SimpleLight state updated to OFF
2015-04-17 01:27:45 - HEALTHNodo1 state updated to 243.0
2015-04-17 01:27:45 - HEALTHNodo0 state updated to 255.0
2015-04-17 01:28:44 - HEALTHNodo1 state updated to 255.0
2015-04-17 01:28:44 - HEALTHNodo0 state updated to 255.0
2015-04-17 01:29:44 - TIMESTAMP_Nodo0 state updated to 2015-04-17T01:29:44
2015-04-17 01:29:45 - TIMESTAMP_Nodo1 state updated to 2015-04-17T01:29:45
2015-04-17 01:29:45 - GarageDoor state updated to 50
2015-04-17 01:29:45 - SimpleLight state updated to OFF
2015-04-17 01:29:45 - HEALTHNodo1 state updated to 243.0
2015-04-17 01:29:45 - HEALTHNodo0 state updated to 255.0
2015-04-17 01:30:44 - HEALTHNodo1 state updated to 255.0
2015-04-17 01:30:44 - HEALTHNodo0 state updated to 255.0
2015-04-17 01:31:44 - TIMESTAMP_Nodo0 state updated to 2015-04-17T01:31:44
2015-04-17 01:31:45 - TIMESTAMP_Nodo1 state updated to 2015-04-17T01:31:45
2015-04-17 01:31:45 - GarageDoor state updated to 50
2015-04-17 01:31:45 - SimpleLight state updated to OFF
2015-04-17 01:31:45 - HEALTHNodo1 state updated to 243.0
2015-04-17 01:31:45 - HEALTHNodo0 state updated to 255.0
2015-04-17 01:32:44 - HEALTHNodo1 state updated to 255.0
2015-04-17 01:32:44 - HEALTHNodo0 state updated to 255.0
2015-04-17 01:33:44 - TIMESTAMP_Nodo0 state updated to 2015-04-17T01:33:44
2015-04-17 01:33:45 - HEALTHNodo1 state updated to 243.0
2015-04-17 01:33:45 - TIMESTAMP_Nodo1 state updated to 2015-04-17T01:33:45
2015-04-17 01:33:45 - GarageDoor state updated to 50
2015-04-17 01:33:45 - HEALTHNodo0 state updated to 255.0
2015-04-17 01:33:45 - SimpleLight state updated to OFF
2015-04-17 01:34:44 - HEALTHNodo1 state updated to 255.0
2015-04-17 01:34:44 - HEALTHNodo0 state updated to 255.0
2015-04-17 01:35:44 - TIMESTAMP_Nodo0 state updated to 2015-04-17T01:35:44
2015-04-17 01:35:44 - TIMESTAMP_Nodo1 state updated to 2015-04-17T01:35:44
2015-04-17 01:35:44 - GarageDoor state updated to 50
2015-04-17 01:35:44 - SimpleLight state updated to OFF
2015-04-17 01:35:45 - HEALTHNodo1 state updated to 243.0
2015-04-17 01:35:45 - HEALTHNodo0 state updated to 255.0
2015-04-17 01:36:44 - HEALTHNodo1 state updated to 255.0
2015-04-17 01:36:44 - HEALTHNodo0 state updated to 255.0
2015-04-17 01:37:44 - TIMESTAMP_Nodo0 state updated to 2015-04-17T01:37:44
2015-04-17 01:37:44 - TIMESTAMP_Nodo1 state updated to 2015-04-17T01:37:44
2015-04-17 01:37:44 - GarageDoor state updated to 50
2015-04-17 01:37:44 - SimpleLight state updated to OFF
2015-04-17 01:37:45 - HEALTHNodo1 state updated to 243.0
2015-04-17 01:37:45 - HEALTHNodo0 state updated to 255.0
2015-04-17 01:38:44 - HEALTHNodo1 state updated to 255.0
2015-04-17 01:38:44 - HEALTHNodo0 state updated to 255.0
2015-04-17 01:39:44 - TIMESTAMP_Nodo0 state updated to 2015-04-17T01:39:44
2015-04-17 01:39:44 - TIMESTAMP_Nodo1 state updated to 2015-04-17T01:39:44
2015-04-17 01:39:44 - GarageDoor state updated to 50
2015-04-17 01:39:44 - SimpleLight state updated to OFF
2015-04-17 01:39:45 - HEALTHNodo1 state updated to 243.0
2015-04-17 01:39:45 - HEALTHNodo0 state updated to 255.0
2015-04-17 01:40:44 - HEALTHNodo1 state updated to 255.0
2015-04-17 01:40:44 - HEALTHNodo0 state updated to 255.0
2015-04-17 01:41:44 - TIMESTAMP_Nodo0 state updated to 2015-04-17T01:41:44
2015-04-17 01:41:45 - TIMESTAMP_Nodo1 state updated to 2015-04-17T01:41:45
2015-04-17 01:41:45 - GarageDoor state updated to 50
2015-04-17 01:41:45 - SimpleLight state updated to OFF
2015-04-17 01:41:45 - HEALTHNodo1 state updated to 243.0
2015-04-17 01:41:45 - HEALTHNodo0 state updated to 255.0
2015-04-17 01:42:44 - HEALTHNodo1 state updated to 255.0
2015-04-17 01:42:44 - HEALTHNodo0 state updated to 255.0
2015-04-17 01:43:44 - TIMESTAMP_Nodo1 state updated to 2015-04-17T01:43:44
2015-04-17 01:43:44 - GarageDoor state updated to 50
2015-04-17 01:43:44 - SimpleLight state updated to OFF
2015-04-17 01:43:44 - TIMESTAMP_Nodo0 state updated to 2015-04-17T01:43:44
2015-04-17 01:43:46 - HEALTHNodo1 state updated to 243.0
2015-04-17 01:43:46 - HEALTHNodo0 state updated to 255.0
2015-04-17 01:44:44 - HEALTHNodo1 state updated to 255.0
2015-04-17 01:44:44 - HEALTHNodo0 state updated to 255.0
2015-04-17 01:45:44 - TIMESTAMP_Nodo0 state updated to 2015-04-17T01:45:44
2015-04-17 01:45:45 - TIMESTAMP_Nodo1 state updated to 2015-04-17T01:45:44
2015-04-17 01:45:45 - GarageDoor state updated to 50
2015-04-17 01:45:45 - SimpleLight state updated to OFF
2015-04-17 01:45:46 - HEALTHNodo1 state updated to 243.0
2015-04-17 01:45:46 - HEALTHNodo0 state updated to 255.0
2015-04-17 01:46:44 - HEALTHNodo1 state updated to 255.0
2015-04-17 01:46:44 - HEALTHNodo0 state updated to 255.0
2015-04-17 01:47:44 - TIMESTAMP_Nodo0 state updated to 2015-04-17T01:47:44
2015-04-17 01:47:45 - TIMESTAMP_Nodo1 state updated to 2015-04-17T01:47:44
2015-04-17 01:47:45 - GarageDoor state updated to 50
2015-04-17 01:47:45 - SimpleLight state updated to OFF
2015-04-17 01:47:46 - HEALTHNodo1 state updated to 243.0
2015-04-17 01:47:46 - HEALTHNodo0 state updated to 255.0
2015-04-17 01:48:44 - HEALTHNodo1 state updated to 255.0
2015-04-17 01:48:44 - HEALTHNodo0 state updated to 255.0
2015-04-17 01:49:44 - TIMESTAMP_Nodo0 state updated to 2015-04-17T01:49:44
2015-04-17 01:49:46 - HEALTHNodo1 state updated to 243.0
2015-04-17 01:49:46 - TIMESTAMP_Nodo1 state updated to 2015-04-17T01:49:45
2015-04-17 01:49:46 - GarageDoor state updated to 50
2015-04-17 01:49:46 - HEALTHNodo0 state updated to 255.0
2015-04-17 01:49:46 - SimpleLight state updated to OFF
2015-04-17 01:50:44 - HEALTHNodo1 state updated to 255.0
2015-04-17 01:50:44 - HEALTHNodo0 state updated to 255.0
2015-04-17 01:51:44 - HEALTHNodo1 state updated to 255.0
2015-04-17 01:51:44 - HEALTHNodo0 state updated to 255.0
2015-04-17 01:51:46 - TIMESTAMP_Nodo1 state updated to 2015-04-17T01:51:46
2015-04-17 01:51:46 - GarageDoor state updated to 50
2015-04-17 01:51:46 - SimpleLight state updated to OFF
2015-04-17 01:51:46 - TIMESTAMP_Nodo0 state updated to 2015-04-17T01:51:46
2015-04-17 01:52:44 - HEALTHNodo1 state updated to 255.0
2015-04-17 01:52:44 - HEALTHNodo0 state updated to 255.0
2015-04-17 01:53:44 - HEALTHNodo1 state updated to 255.0
2015-04-17 01:53:44 - HEALTHNodo0 state updated to 255.0
2015-04-17 01:53:46 - TIMESTAMP_Nodo1 state updated to 2015-04-17T01:53:45
2015-04-17 01:53:46 - GarageDoor state updated to 50
2015-04-17 01:53:46 - SimpleLight state updated to OFF
2015-04-17 01:53:46 - TIMESTAMP_Nodo0 state updated to 2015-04-17T01:53:45
2015-04-17 01:54:44 - HEALTHNodo1 state updated to 255.0
2015-04-17 01:54:44 - HEALTHNodo0 state updated to 255.0
2015-04-17 01:55:44 - HEALTHNodo1 state updated to 255.0
2015-04-17 01:55:44 - HEALTHNodo0 state updated to 255.0
2015-04-17 01:55:46 - TIMESTAMP_Nodo0 state updated to 2015-04-17T01:55:45
2015-04-17 01:55:46 - TIMESTAMP_Nodo1 state updated to 2015-04-17T01:55:46
2015-04-17 01:55:46 - GarageDoor state updated to 50
2015-04-17 01:55:46 - SimpleLight state updated to OFF
2015-04-17 01:56:44 - HEALTHNodo1 state updated to 255.0
2015-04-17 01:56:44 - HEALTHNodo0 state updated to 255.0
2015-04-17 01:57:44 - HEALTHNodo1 state updated to 255.0
2015-04-17 01:57:44 - HEALTHNodo0 state updated to 255.0
2015-04-17 01:57:46 - TIMESTAMP_Nodo0 state updated to 2015-04-17T01:57:45
2015-04-17 01:57:47 - TIMESTAMP_Nodo1 state updated to 2015-04-17T01:57:46
2015-04-17 01:57:47 - GarageDoor state updated to 50
2015-04-17 01:57:47 - SimpleLight state updated to OFF
2015-04-17 01:58:44 - HEALTHNodo1 state updated to 255.0
2015-04-17 01:58:44 - HEALTHNodo0 state updated to 255.0
2015-04-17 01:59:44 - HEALTHNodo1 state updated to 255.0
2015-04-17 01:59:44 - HEALTHNodo0 state updated to 255.0
2015-04-17 01:59:46 - TIMESTAMP_Nodo1 state updated to 2015-04-17T01:59:45
2015-04-17 01:59:46 - GarageDoor state updated to 50
2015-04-17 01:59:46 - SimpleLight state updated to OFF
2015-04-17 01:59:46 - TIMESTAMP_Nodo0 state updated to 2015-04-17T01:59:45
2015-04-17 02:00:44 - HEALTHNodo1 state updated to 255.0
2015-04-17 02:00:44 - HEALTHNodo0 state updated to 255.0
2015-04-17 02:01:44 - HEALTHNodo1 state updated to 255.0
2015-04-17 02:01:44 - HEALTHNodo0 state updated to 255.0
2015-04-17 02:01:46 - TIMESTAMP_Nodo0 state updated to 2015-04-17T02:01:45
2015-04-17 02:01:46 - TIMESTAMP_Nodo1 state updated to 2015-04-17T02:01:46
2015-04-17 02:01:46 - GarageDoor state updated to 50
2015-04-17 02:01:46 - SimpleLight state updated to OFF
2015-04-17 02:02:44 - HEALTHNodo1 state updated to 255.0
2015-04-17 02:02:44 - HEALTHNodo0 state updated to 255.0
2015-04-17 02:03:44 - HEALTHNodo1 state updated to 255.0
2015-04-17 02:03:44 - HEALTHNodo0 state updated to 255.0
2015-04-17 02:03:46 - TIMESTAMP_Nodo0 state updated to 2015-04-17T02:03:45
2015-04-17 02:03:47 - TIMESTAMP_Nodo1 state updated to 2015-04-17T02:03:47
2015-04-17 02:03:47 - GarageDoor state updated to 50
2015-04-17 02:03:47 - SimpleLight state updated to OFF
2015-04-17 02:04:44 - HEALTHNodo1 state updated to 255.0
2015-04-17 02:04:44 - HEALTHNodo0 state updated to 255.0
2015-04-17 02:05:44 - HEALTHNodo1 state updated to 255.0
2015-04-17 02:05:44 - HEALTHNodo0 state updated to 255.0
2015-04-17 02:05:46 - TIMESTAMP_Nodo0 state updated to 2015-04-17T02:05:45
2015-04-17 02:05:47 - TIMESTAMP_Nodo1 state updated to 2015-04-17T02:05:46
2015-04-17 02:05:47 - GarageDoor state updated to 50
2015-04-17 02:05:47 - SimpleLight state updated to OFF
2015-04-17 02:06:44 - HEALTHNodo1 state updated to 255.0
2015-04-17 02:06:44 - HEALTHNodo0 state updated to 255.0
2015-04-17 02:07:44 - HEALTHNodo1 state updated to 255.0
2015-04-17 02:07:44 - HEALTHNodo0 state updated to 255.0
2015-04-17 02:07:46 - TIMESTAMP_Nodo0 state updated to 2015-04-17T02:07:45
2015-04-17 02:07:47 - TIMESTAMP_Nodo1 state updated to 2015-04-17T02:07:46
2015-04-17 02:07:47 - GarageDoor state updated to 50
2015-04-17 02:07:47 - SimpleLight state updated to OFF
2015-04-17 02:08:44 - HEALTHNodo1 state updated to 255.0
2015-04-17 02:08:44 - HEALTHNodo0 state updated to 255.0
2015-04-17 02:09:44 - HEALTHNodo1 state updated to 255.0
2015-04-17 02:09:44 - HEALTHNodo0 state updated to 255.0
2015-04-17 02:09:46 - TIMESTAMP_Nodo0 state updated to 2015-04-17T02:09:45
2015-04-17 02:09:47 - TIMESTAMP_Nodo1 state updated to 2015-04-17T02:09:47
2015-04-17 02:09:47 - GarageDoor state updated to 50
2015-04-17 02:09:47 - SimpleLight state updated to OFF
2015-04-17 02:10:44 - HEALTHNodo1 state updated to 255.0
2015-04-17 02:10:44 - HEALTHNodo0 state updated to 255.0
2015-04-17 02:11:44 - HEALTHNodo1 state updated to 255.0
2015-04-17 02:11:44 - HEALTHNodo0 state updated to 255.0
2015-04-17 02:11:46 - TIMESTAMP_Nodo0 state updated to 2015-04-17T02:11:45
2015-04-17 02:11:46 - TIMESTAMP_Nodo1 state updated to 2015-04-17T02:11:46
2015-04-17 02:11:46 - GarageDoor state updated to 50
2015-04-17 02:11:46 - SimpleLight state updated to OFF
2015-04-17 02:12:44 - HEALTHNodo1 state updated to 255.0
2015-04-17 02:12:44 - HEALTHNodo0 state updated to 255.0
2015-04-17 02:13:44 - HEALTHNodo1 state updated to 255.0
2015-04-17 02:13:44 - HEALTHNodo0 state updated to 255.0
2015-04-17 02:13:46 - TIMESTAMP_Nodo0 state updated to 2015-04-17T02:13:45
2015-04-17 02:13:46 - TIMESTAMP_Nodo1 state updated to 2015-04-17T02:13:46
2015-04-17 02:13:46 - GarageDoor state updated to 50
2015-04-17 02:13:46 - SimpleLight state updated to OFF
2015-04-17 02:14:44 - HEALTHNodo1 state updated to 255.0
2015-04-17 02:14:44 - HEALTHNodo0 state updated to 255.0
2015-04-17 02:15:44 - HEALTHNodo1 state updated to 255.0
2015-04-17 02:15:44 - HEALTHNodo0 state updated to 255.0
2015-04-17 02:15:46 - TIMESTAMP_Nodo0 state updated to 2015-04-17T02:15:45
2015-04-17 02:15:47 - TIMESTAMP_Nodo1 state updated to 2015-04-17T02:15:47
2015-04-17 02:15:47 - GarageDoor state updated to 50
2015-04-17 02:15:47 - SimpleLight state updated to OFF
2015-04-17 02:16:44 - HEALTHNodo1 state updated to 105.0
2015-04-17 02:16:44 - HEALTHNodo0 state updated to 255.0
2015-04-17 02:17:44 - HEALTHNodo1 state updated to 25.0
2015-04-17 02:17:44 - HEALTHNodo0 state updated to 255.0
2015-04-17 02:17:46 - TIMESTAMP_Nodo0 state updated to 2015-04-17T02:17:45
2015-04-17 02:17:47 - TIMESTAMP_Nodo1 state updated to 2015-04-17T02:17:46
2015-04-17 02:17:47 - GarageDoor state updated to 50
2015-04-17 02:17:47 - SimpleLight state updated to OFF
2015-04-17 02:18:44 - HEALTHNodo1 state updated to 105.0
2015-04-17 02:18:44 - HEALTHNodo0 state updated to 255.0
2015-04-17 02:19:44 - HEALTHNodo1 state updated to 25.0
2015-04-17 02:19:44 - HEALTHNodo0 state updated to 255.0
2015-04-17 02:19:46 - TIMESTAMP_Nodo1 state updated to 2015-04-17T02:19:46
2015-04-17 02:19:46 - GarageDoor state updated to 50
2015-04-17 02:19:46 - SimpleLight state updated to OFF
2015-04-17 02:19:46 - TIMESTAMP_Nodo0 state updated to 2015-04-17T02:19:46
2015-04-17 02:20:44 - HEALTHNodo1 state updated to 93.0
2015-04-17 02:20:44 - HEALTHNodo0 state updated to 255.0
2015-04-17 02:21:44 - HEALTHNodo1 state updated to 105.0
2015-04-17 02:21:44 - HEALTHNodo0 state updated to 255.0
2015-04-17 02:21:46 - TIMESTAMP_Nodo0 state updated to 2015-04-17T02:21:45
2015-04-17 02:21:46 - TIMESTAMP_Nodo1 state updated to 2015-04-17T02:21:46
2015-04-17 02:21:46 - GarageDoor state updated to 50
2015-04-17 02:21:46 - SimpleLight state updated to OFF
